#
# A fatal error has been detected by the Java Runtime Environment:
#
#  SIGSEGV (0xb) at pc=0x00007fff653a7e5d, pid=14649, tid=77315
#
# JRE version: Java(TM) SE Runtime Environment (10.0.2+13) (build 10.0.2+13)
# Java VM: Java HotSpot(TM) 64-Bit Server VM (10.0.2+13, mixed mode, tiered, compressed oops, g1 gc, bsd-amd64)
# Problematic frame:
# C  [libobjc.A.dylib+0x6e5d]  objc_msgSend+0x1d
#
# No core dump will be written. Core dumps have been disabled. To enable core dumping, try "ulimit -c unlimited" before starting Java again
#
# If you would like to submit a bug report, please visit:
#   http://bugreport.java.com/bugreport/crash.jsp
# The crash happened outside the Java Virtual Machine in native code.
# See problematic frame for where to report the bug.
#

---------------  S U M M A R Y ------------

Command Line: -Dfile.encoding=UTF-8 paint.DrawingMenu

Host: MacBookPro9,2 x86_64 2500 MHz, 4 cores, 8G, Darwin 19.0.0
Time: Tue Dec 10 13:30:37 2019 EST elapsed time: 2762 seconds (0d 0h 46m 2s)

---------------  T H R E A D  ---------------

Current thread (0x00007fbc530c1000):  JavaThread "Java2D Queue Flusher" daemon [_thread_in_native, id=77315, stack(0x00007000113e7000,0x00007000114e7000)]

Stack: [0x00007000113e7000,0x00007000114e7000],  sp=0x00007000114e6898,  free space=1022k
Native frames: (J=compiled Java code, A=aot compiled Java code, j=interpreted, Vv=VM code, C=native code)
C  [libobjc.A.dylib+0x6e5d]  objc_msgSend+0x1d
C  [libawt_lwawt.dylib+0x41d83]  Java_sun_java2d_opengl_OGLRenderQueue_flushBuffer+0x643
j  sun.java2d.opengl.OGLRenderQueue.flushBuffer(JI)V+0 java.desktop@10.0.2
j  sun.java2d.opengl.OGLRenderQueue.flushBuffer()V+21 java.desktop@10.0.2
j  sun.java2d.opengl.OGLRenderQueue.access$200(Lsun/java2d/opengl/OGLRenderQueue;)V+1 java.desktop@10.0.2
j  sun.java2d.opengl.OGLRenderQueue$QueueFlusher.run()V+81 java.desktop@10.0.2
j  java.lang.Thread.run()V+11 java.base@10.0.2
v  ~StubRoutines::call_stub
V  [libjvm.dylib+0x3d8c0e]  JavaCalls::call_helper(JavaValue*, methodHandle const&, JavaCallArguments*, Thread*)+0x216
V  [libjvm.dylib+0x3d8222]  JavaCalls::call_virtual(JavaValue*, Klass*, Symbol*, Symbol*, JavaCallArguments*, Thread*)+0x12a
V  [libjvm.dylib+0x3d82e2]  JavaCalls::call_virtual(JavaValue*, Handle, Klass*, Symbol*, Symbol*, Thread*)+0x6a
V  [libjvm.dylib+0x454078]  thread_entry(JavaThread*, Thread*)+0x77
V  [libjvm.dylib+0x74679c]  JavaThread::thread_main_inner()+0x86
V  [libjvm.dylib+0x633a5f]  thread_native_entry(Thread*)+0x12b
C  [libsystem_pthread.dylib+0x5d36]  _pthread_start+0x7d
C  [libsystem_pthread.dylib+0x258f]  thread_start+0xf
C  0x0000000000000000

Java frames: (J=compiled Java code, j=interpreted, Vv=VM code)
j  sun.java2d.opengl.OGLRenderQueue.flushBuffer(JI)V+0 java.desktop@10.0.2
j  sun.java2d.opengl.OGLRenderQueue.flushBuffer()V+21 java.desktop@10.0.2
j  sun.java2d.opengl.OGLRenderQueue.access$200(Lsun/java2d/opengl/OGLRenderQueue;)V+1 java.desktop@10.0.2
j  sun.java2d.opengl.OGLRenderQueue$QueueFlusher.run()V+81 java.desktop@10.0.2
j  java.lang.Thread.run()V+11 java.base@10.0.2
v  ~StubRoutines::call_stub

siginfo: si_signo: 11 (SIGSEGV), si_code: 1 (SEGV_MAPERR), si_addr: 0x00005641e5894868

Register to memory mapping:

RAX=0x00007fbc540f3038 is an unknown value
RBX=0x0000000103940360: _ZTV7nmethod+0x10 in /Library/Java/JavaVirtualMachines/jdk-10.0.2.jdk/Contents/Home/lib/server/libjvm.dylib at 0x0000000103000000
RCX=0x00007fbc540f3040 is an unknown value
RDX=0x00007fbc53121000 is an unknown value
RSP=0x00007000114e6898 is pointing into the stack for thread: 0x00007fbc530c1000
RBP=0x00007000114e68d0 is pointing into the stack for thread: 0x00007fbc530c1000
RSI=0x00007fff706a1524: GCC_except_table733+0xb2d1690 in /usr/lib/libobjc.A.dylib at 0x00007fff653a1000
RDI=0x0000000103616966: _ZN7nmethod5flushEv+0 in /Library/Java/JavaVirtualMachines/jdk-10.0.2.jdk/Contents/Home/lib/server/libjvm.dylib at 0x0000000103000000
R8 =0x0000000000007471 is an unknown value
R9 =0xffffffff00000000 is an unknown value
R10=0x00005641e5894850 is an unknown value
R11=0x00007fff706a1524: GCC_except_table733+0xb2d1690 in /usr/lib/libobjc.A.dylib at 0x00007fff653a1000
R12=0x00007fbc53121008 is an unknown value
R13=0x0000000116e4a290 is at entry_point+-496 in (nmethod*)0x0000000116e4a290
R14=0x00007fbc540f3038 is an unknown value
R15=0x00007fbc530c1270 is an unknown value


Registers:
RAX=0x00007fbc540f3038, RBX=0x0000000103940360, RCX=0x00007fbc540f3040, RDX=0x00007fbc53121000
RSP=0x00007000114e6898, RBP=0x00007000114e68d0, RSI=0x00007fff706a1524, RDI=0x0000000103616966
R8 =0x0000000000007471, R9 =0xffffffff00000000, R10=0x00005641e5894850, R11=0x00007fff706a1524
R12=0x00007fbc53121008, R13=0x0000000116e4a290, R14=0x00007fbc540f3038, R15=0x00007fbc530c1270
RIP=0x00007fff653a7e5d, EFLAGS=0x0000000000010206, ERR=0x0000000000000004
  TRAPNO=0x000000000000000e

Top of Stack: (sp=0x00007000114e6898)
0x00007000114e6898:   0000000127db0465 0000000127dd5d5b
0x00007000114e68a8:   00007fbc53121010 00007fbc53121008
0x00007000114e68b8:   00007fbc53121020 00007000114e6a08
0x00007000114e68c8:   00007fbc52ca0540 00007000114e6950
0x00007000114e68d8:   0000000127dd5d83 00007000114e6900
0x00007000114e68e8:   0000000103765981 00000002114e6910
0x00007000114e68f8:   0000000000000000 00007000114e6920
0x00007000114e6908:   0000000103765917 0000000000000000
0x00007000114e6918:   0000000000000000 00007fbc530c1270
0x00007000114e6928:   0000000125ea6840 0000000000000000
0x00007000114e6938:   0000000125ea6840 00007000114e6a08
0x00007000114e6948:   00007fbc530c1000 00007000114e69d0
0x00007000114e6958:   00000001166bcad0 0000000000000000
0x00007000114e6968:   0000000000000000 00007000114e6990
0x00007000114e6978:   0000000103765867 00007000114e6990
0x00007000114e6988:   00007000114e6988 0000000000000000
0x00007000114e6998:   00007000114e6a08 0000000125ea7b00
0x00007000114e69a8:   0000000000000000 0000000747156a40
0x00007000114e69b8:   0000000125ea6840 0000000000000000
0x00007000114e69c8:   00007000114e69f0 00007000114e6a58
0x00007000114e69d8:   00000001166b6f43 0000000000000000
0x00007000114e69e8:   00000001166b9ad8 0000000000000020
0x00007000114e69f8:   00007fbc53121000 0000000000000000
0x00007000114e6a08:   000000074701c5a0 00007000114e6a10
0x00007000114e6a18:   0000000125ea68f5 00007000114e6a70
0x00007000114e6a28:   0000000125ea7b00 0000000000000000
0x00007000114e6a38:   0000000747156a40 0000000125ea6930
0x00007000114e6a48:   00007000114e69f0 00007000114e6a70
0x00007000114e6a58:   00007000114e6ac0 00000001166b6f43
0x00007000114e6a68:   0000000000000020 000000074701c5a0
0x00007000114e6a78:   00007000114e6a78 0000000125ea6b19
0x00007000114e6a88:   00007000114e6ad0 0000000125ea7b00 

Instructions: (pc=0x00007fff653a7e5d)
0x00007fff653a7e3d:   44 00 00 48 85 ff 2e 74 72 40 f6 c7 01 2e 75 76
0x00007fff653a7e4d:   49 ba f8 ff ff ff ff 7f 00 00 4c 23 17 49 89 f3
0x00007fff653a7e5d:   45 23 5a 18 49 c1 e3 04 4d 03 5a 10 49 3b 33 75
0x00007fff653a7e6d:   0a 4d 8b 5b 08 4d 31 d3 41 ff e3 49 83 3b 01 76 


---------------  P R O C E S S  ---------------

Threads class SMR info:
_java_thread_list=0x00007fbc52e73a80, length=15, elements={
0x00007fbc548ae800, 0x00007fbc54002800, 0x00007fbc54021000, 0x00007fbc548b3800,
0x00007fbc548b6800, 0x00007fbc53804000, 0x00007fbc5380a000, 0x00007fbc54070000,
0x00007fbc548b4000, 0x00007fbc53091000, 0x00007fbc549de800, 0x00007fbc530c1000,
0x00007fbc54a6b800, 0x00007fbc54123000, 0x00007fbc54001000
}

Java Threads: ( => current thread )
  0x00007fbc548ae800 JavaThread "Reference Handler" daemon [_thread_blocked, id=18691, stack(0x0000700010637000,0x0000700010737000)]
  0x00007fbc54002800 JavaThread "Finalizer" daemon [_thread_blocked, id=15619, stack(0x000070001073a000,0x000070001083a000)]
  0x00007fbc54021000 JavaThread "Signal Dispatcher" daemon [_thread_blocked, id=22275, stack(0x0000700010943000,0x0000700010a43000)]
  0x00007fbc548b3800 JavaThread "C2 CompilerThread0" daemon [_thread_blocked, id=42755, stack(0x0000700010a46000,0x0000700010b46000)]
  0x00007fbc548b6800 JavaThread "C2 CompilerThread1" daemon [_thread_blocked, id=42243, stack(0x0000700010b49000,0x0000700010c49000)]
  0x00007fbc53804000 JavaThread "C1 CompilerThread2" daemon [_thread_blocked, id=41731, stack(0x0000700010c4c000,0x0000700010d4c000)]
  0x00007fbc5380a000 JavaThread "Sweeper thread" daemon [_thread_blocked, id=23811, stack(0x0000700010d4f000,0x0000700010e4f000)]
  0x00007fbc54070000 JavaThread "Service Thread" daemon [_thread_blocked, id=40707, stack(0x0000700010e52000,0x0000700010f52000)]
  0x00007fbc548b4000 JavaThread "Common-Cleaner" daemon [_thread_blocked, id=24579, stack(0x0000700010f55000,0x0000700011055000)]
  0x00007fbc53091000 JavaThread "AppKit Thread" daemon [_thread_in_native, id=775, stack(0x00007ffeecde0000,0x00007ffeed5e0000)]
  0x00007fbc549de800 JavaThread "AWT-Shutdown" [_thread_blocked, id=31491, stack(0x000070001115b000,0x000070001125b000)]
=>0x00007fbc530c1000 JavaThread "Java2D Queue Flusher" daemon [_thread_in_native, id=77315, stack(0x00007000113e7000,0x00007000114e7000)]
  0x00007fbc54a6b800 JavaThread "Java2D Disposer" daemon [_thread_blocked, id=73223, stack(0x00007000114ea000,0x00007000115ea000)]
  0x00007fbc54123000 JavaThread "AWT-EventQueue-0" [_thread_in_native, id=70403, stack(0x00007000115ed000,0x00007000116ed000)]
  0x00007fbc54001000 JavaThread "DestroyJavaVM" [_thread_blocked, id=10499, stack(0x000070000f910000,0x000070000fa10000)]

Other Threads:
  0x00007fbc5301c000 VMThread "VM Thread" [stack: 0x0000700010534000,0x0000700010634000] [id=14339]
  0x00007fbc54804800 WatcherThread [stack: 0x0000700011058000,0x0000700011158000] [id=24835]
  0x00007fbc54807800 GCTaskThread "GC Thread#0" [stack: 0x000070000fa13000,0x000070000fb13000] [id=21507]
  0x00007fbc54002000 GCTaskThread "GC Thread#1" [stack: 0x000070000fb16000,0x000070000fc16000] [id=11267]
  0x00007fbc54808000 GCTaskThread "GC Thread#2" [stack: 0x000070000fc19000,0x000070000fd19000] [id=20995]
  0x00007fbc5480e000 GCTaskThread "GC Thread#3" [stack: 0x000070000fd1c000,0x000070000fe1c000] [id=20739]
  0x00007fbc54827000 ConcurrentGCThread "G1 Main Marker" [stack: 0x000070000fe1f000,0x000070000ff1f000] [id=20227]
  0x00007fbc54828000 ConcurrentGCThread "G1 Conc#0" [stack: 0x000070000ff22000,0x0000700010022000] [id=12547]
  0x00007fbc54868800 ConcurrentGCThread "G1 Refine#0" [stack: 0x0000700010025000,0x0000700010125000] [id=12803]
  0x00007fbc54869800 ConcurrentGCThread "G1 Refine#1" [stack: 0x0000700010128000,0x0000700010228000] [id=13059]
  0x00007fbc53005800 ConcurrentGCThread "G1 Refine#2" [stack: 0x000070001022b000,0x000070001032b000] [id=13315]
  0x00007fbc5486a000 ConcurrentGCThread "G1 Refine#3" [stack: 0x000070001032e000,0x000070001042e000] [id=13827]
  0x00007fbc5486b000 ConcurrentGCThread "G1 Young RemSet Sampling" [stack: 0x0000700010431000,0x0000700010531000] [id=19203]

Threads with active compile tasks:

VM state:not at safepoint (normal execution)

VM Mutex/Monitor currently owned by a thread: None

Heap address: 0x0000000740000000, size: 2048 MB, Compressed Oops mode: Zero based, Oop shift amount: 3
Narrow klass base: 0x0000000000000000, Narrow klass shift: 3
Compressed class space size: 1073741824 Address: 0x00000007c0000000

Heap:
 garbage-first heap   total 131072K, used 4102K [0x0000000740000000, 0x00000007c0000000)
  region size 1024K, 5 young (5120K), 2 survivors (2048K)
 Metaspace       used 14163K, capacity 14532K, committed 14848K, reserved 1062912K
  class space    used 1475K, capacity 1674K, committed 1792K, reserved 1048576K
Heap Regions: E=young(eden), S=young(survivor), O=old, HS=humongous(starts), HC=humongous(continues), CS=collection set, F=free, A=archive, TS=gc time stamp, AC=allocation context, TAMS=top-at-mark-start (previous, next)
|   0|0x0000000740000000, 0x0000000740001a00, 0x0000000740100000|  0%| O|  |TS  1|AC  0|TAMS 0x0000000740000000, 0x0000000740000000|
|   1|0x0000000740100000, 0x0000000740100000, 0x0000000740200000|  0%| F|  |TS  0|AC  0|TAMS 0x0000000740100000, 0x0000000740100000|
|   2|0x0000000740200000, 0x0000000740200000, 0x0000000740300000|  0%| F|  |TS  0|AC  0|TAMS 0x0000000740200000, 0x0000000740200000|
|   3|0x0000000740300000, 0x0000000740300000, 0x0000000740400000|  0%| F|  |TS  0|AC  0|TAMS 0x0000000740300000, 0x0000000740300000|
|   4|0x0000000740400000, 0x0000000740400000, 0x0000000740500000|  0%| F|  |TS  0|AC  0|TAMS 0x0000000740400000, 0x0000000740400000|
|   5|0x0000000740500000, 0x0000000740500000, 0x0000000740600000|  0%| F|  |TS  0|AC  0|TAMS 0x0000000740500000, 0x0000000740500000|
|   6|0x0000000740600000, 0x0000000740600000, 0x0000000740700000|  0%| F|  |TS  0|AC  0|TAMS 0x0000000740600000, 0x0000000740600000|
|   7|0x0000000740700000, 0x0000000740700000, 0x0000000740800000|  0%| F|  |TS  0|AC  0|TAMS 0x0000000740700000, 0x0000000740700000|
|   8|0x0000000740800000, 0x0000000740800000, 0x0000000740900000|  0%| F|  |TS  0|AC  0|TAMS 0x0000000740800000, 0x0000000740800000|
|   9|0x0000000740900000, 0x0000000740900000, 0x0000000740a00000|  0%| F|  |TS  0|AC  0|TAMS 0x0000000740900000, 0x0000000740900000|
|  10|0x0000000740a00000, 0x0000000740a00000, 0x0000000740b00000|  0%| F|  |TS  0|AC  0|TAMS 0x0000000740a00000, 0x0000000740a00000|
|  11|0x0000000740b00000, 0x0000000740b00000, 0x0000000740c00000|  0%| F|  |TS  0|AC  0|TAMS 0x0000000740b00000, 0x0000000740b00000|
|  12|0x0000000740c00000, 0x0000000740c00000, 0x0000000740d00000|  0%| F|  |TS  0|AC  0|TAMS 0x0000000740c00000, 0x0000000740c00000|
|  13|0x0000000740d00000, 0x0000000740d00000, 0x0000000740e00000|  0%| F|  |TS  0|AC  0|TAMS 0x0000000740d00000, 0x0000000740d00000|
|  14|0x0000000740e00000, 0x0000000740e00000, 0x0000000740f00000|  0%| F|  |TS  0|AC  0|TAMS 0x0000000740e00000, 0x0000000740e00000|
|  15|0x0000000740f00000, 0x0000000740f00000, 0x0000000741000000|  0%| F|  |TS  0|AC  0|TAMS 0x0000000740f00000, 0x0000000740f00000|
|  16|0x0000000741000000, 0x0000000741000000, 0x0000000741100000|  0%| F|  |TS  0|AC  0|TAMS 0x0000000741000000, 0x0000000741000000|
|  17|0x0000000741100000, 0x0000000741100000, 0x0000000741200000|  0%| F|  |TS  0|AC  0|TAMS 0x0000000741100000, 0x0000000741100000|
|  18|0x0000000741200000, 0x0000000741200000, 0x0000000741300000|  0%| F|  |TS  0|AC  0|TAMS 0x0000000741200000, 0x0000000741200000|
|  19|0x0000000741300000, 0x0000000741300000, 0x0000000741400000|  0%| F|  |TS  0|AC  0|TAMS 0x0000000741300000, 0x0000000741300000|
|  20|0x0000000741400000, 0x0000000741400000, 0x0000000741500000|  0%| F|  |TS  0|AC  0|TAMS 0x0000000741400000, 0x0000000741400000|
|  21|0x0000000741500000, 0x0000000741500000, 0x0000000741600000|  0%| F|  |TS  0|AC  0|TAMS 0x0000000741500000, 0x0000000741500000|
|  22|0x0000000741600000, 0x0000000741600000, 0x0000000741700000|  0%| F|  |TS  0|AC  0|TAMS 0x0000000741600000, 0x0000000741600000|
|  23|0x0000000741700000, 0x0000000741700000, 0x0000000741800000|  0%| F|  |TS  0|AC  0|TAMS 0x0000000741700000, 0x0000000741700000|
|  24|0x0000000741800000, 0x0000000741800000, 0x0000000741900000|  0%| F|  |TS  0|AC  0|TAMS 0x0000000741800000, 0x0000000741800000|
|  25|0x0000000741900000, 0x0000000741900000, 0x0000000741a00000|  0%| F|  |TS  0|AC  0|TAMS 0x0000000741900000, 0x0000000741900000|
|  26|0x0000000741a00000, 0x0000000741a00000, 0x0000000741b00000|  0%| F|  |TS  0|AC  0|TAMS 0x0000000741a00000, 0x0000000741a00000|
|  27|0x0000000741b00000, 0x0000000741b00000, 0x0000000741c00000|  0%| F|  |TS  0|AC  0|TAMS 0x0000000741b00000, 0x0000000741b00000|
|  28|0x0000000741c00000, 0x0000000741c00000, 0x0000000741d00000|  0%| F|  |TS  0|AC  0|TAMS 0x0000000741c00000, 0x0000000741c00000|
|  29|0x0000000741d00000, 0x0000000741d00000, 0x0000000741e00000|  0%| F|  |TS  0|AC  0|TAMS 0x0000000741d00000, 0x0000000741d00000|
|  30|0x0000000741e00000, 0x0000000741e00000, 0x0000000741f00000|  0%| F|  |TS  0|AC  0|TAMS 0x0000000741e00000, 0x0000000741e00000|
|  31|0x0000000741f00000, 0x0000000741f00000, 0x0000000742000000|  0%| F|  |TS  0|AC  0|TAMS 0x0000000741f00000, 0x0000000741f00000|
|  32|0x0000000742000000, 0x0000000742000000, 0x0000000742100000|  0%| F|  |TS  0|AC  0|TAMS 0x0000000742000000, 0x0000000742000000|
|  33|0x0000000742100000, 0x0000000742100000, 0x0000000742200000|  0%| F|  |TS  0|AC  0|TAMS 0x0000000742100000, 0x0000000742100000|
|  34|0x0000000742200000, 0x0000000742200000, 0x0000000742300000|  0%| F|  |TS  0|AC  0|TAMS 0x0000000742200000, 0x0000000742200000|
|  35|0x0000000742300000, 0x0000000742300000, 0x0000000742400000|  0%| F|  |TS  0|AC  0|TAMS 0x0000000742300000, 0x0000000742300000|
|  36|0x0000000742400000, 0x0000000742400000, 0x0000000742500000|  0%| F|  |TS  0|AC  0|TAMS 0x0000000742400000, 0x0000000742400000|
|  37|0x0000000742500000, 0x0000000742500000, 0x0000000742600000|  0%| F|  |TS  0|AC  0|TAMS 0x0000000742500000, 0x0000000742500000|
|  38|0x0000000742600000, 0x0000000742600000, 0x0000000742700000|  0%| F|  |TS  0|AC  0|TAMS 0x0000000742600000, 0x0000000742600000|
|  39|0x0000000742700000, 0x0000000742700000, 0x0000000742800000|  0%| F|  |TS  0|AC  0|TAMS 0x0000000742700000, 0x0000000742700000|
|  40|0x0000000742800000, 0x0000000742800000, 0x0000000742900000|  0%| F|  |TS  0|AC  0|TAMS 0x0000000742800000, 0x0000000742800000|
|  41|0x0000000742900000, 0x0000000742900000, 0x0000000742a00000|  0%| F|  |TS  0|AC  0|TAMS 0x0000000742900000, 0x0000000742900000|
|  42|0x0000000742a00000, 0x0000000742a00000, 0x0000000742b00000|  0%| F|  |TS  0|AC  0|TAMS 0x0000000742a00000, 0x0000000742a00000|
|  43|0x0000000742b00000, 0x0000000742b00000, 0x0000000742c00000|  0%| F|  |TS  0|AC  0|TAMS 0x0000000742b00000, 0x0000000742b00000|
|  44|0x0000000742c00000, 0x0000000742c00000, 0x0000000742d00000|  0%| F|  |TS  0|AC  0|TAMS 0x0000000742c00000, 0x0000000742c00000|
|  45|0x0000000742d00000, 0x0000000742d00000, 0x0000000742e00000|  0%| F|  |TS  0|AC  0|TAMS 0x0000000742d00000, 0x0000000742d00000|
|  46|0x0000000742e00000, 0x0000000742e00000, 0x0000000742f00000|  0%| F|  |TS  0|AC  0|TAMS 0x0000000742e00000, 0x0000000742e00000|
|  47|0x0000000742f00000, 0x0000000742f00000, 0x0000000743000000|  0%| F|  |TS  0|AC  0|TAMS 0x0000000742f00000, 0x0000000742f00000|
|  48|0x0000000743000000, 0x0000000743000000, 0x0000000743100000|  0%| F|  |TS  0|AC  0|TAMS 0x0000000743000000, 0x0000000743000000|
|  49|0x0000000743100000, 0x0000000743100000, 0x0000000743200000|  0%| F|  |TS  0|AC  0|TAMS 0x0000000743100000, 0x0000000743100000|
|  50|0x0000000743200000, 0x0000000743200000, 0x0000000743300000|  0%| F|  |TS  0|AC  0|TAMS 0x0000000743200000, 0x0000000743200000|
|  51|0x0000000743300000, 0x0000000743300000, 0x0000000743400000|  0%| F|  |TS  0|AC  0|TAMS 0x0000000743300000, 0x0000000743300000|
|  52|0x0000000743400000, 0x0000000743400000, 0x0000000743500000|  0%| F|  |TS  0|AC  0|TAMS 0x0000000743400000, 0x0000000743400000|
|  53|0x0000000743500000, 0x0000000743500000, 0x0000000743600000|  0%| F|  |TS  0|AC  0|TAMS 0x0000000743500000, 0x0000000743500000|
|  54|0x0000000743600000, 0x0000000743600000, 0x0000000743700000|  0%| F|  |TS  0|AC  0|TAMS 0x0000000743600000, 0x0000000743600000|
|  55|0x0000000743700000, 0x0000000743700000, 0x0000000743800000|  0%| F|  |TS  0|AC  0|TAMS 0x0000000743700000, 0x0000000743700000|
|  56|0x0000000743800000, 0x0000000743800000, 0x0000000743900000|  0%| F|  |TS  0|AC  0|TAMS 0x0000000743800000, 0x0000000743800000|
|  57|0x0000000743900000, 0x0000000743900000, 0x0000000743a00000|  0%| F|  |TS  0|AC  0|TAMS 0x0000000743900000, 0x0000000743900000|
|  58|0x0000000743a00000, 0x0000000743a00000, 0x0000000743b00000|  0%| F|  |TS  0|AC  0|TAMS 0x0000000743a00000, 0x0000000743a00000|
|  59|0x0000000743b00000, 0x0000000743b00000, 0x0000000743c00000|  0%| F|  |TS  0|AC  0|TAMS 0x0000000743b00000, 0x0000000743b00000|
|  60|0x0000000743c00000, 0x0000000743c00000, 0x0000000743d00000|  0%| F|  |TS  0|AC  0|TAMS 0x0000000743c00000, 0x0000000743c00000|
|  61|0x0000000743d00000, 0x0000000743d00000, 0x0000000743e00000|  0%| F|  |TS  0|AC  0|TAMS 0x0000000743d00000, 0x0000000743d00000|
|  62|0x0000000743e00000, 0x0000000743e00000, 0x0000000743f00000|  0%| F|  |TS  0|AC  0|TAMS 0x0000000743e00000, 0x0000000743e00000|
|  63|0x0000000743f00000, 0x0000000743f00000, 0x0000000744000000|  0%| F|  |TS  0|AC  0|TAMS 0x0000000743f00000, 0x0000000743f00000|
|  64|0x0000000744000000, 0x0000000744000000, 0x0000000744100000|  0%| F|  |TS  0|AC  0|TAMS 0x0000000744000000, 0x0000000744000000|
|  65|0x0000000744100000, 0x0000000744100000, 0x0000000744200000|  0%| F|  |TS  0|AC  0|TAMS 0x0000000744100000, 0x0000000744100000|
|  66|0x0000000744200000, 0x0000000744200000, 0x0000000744300000|  0%| F|  |TS  0|AC  0|TAMS 0x0000000744200000, 0x0000000744200000|
|  67|0x0000000744300000, 0x0000000744300000, 0x0000000744400000|  0%| F|  |TS  0|AC  0|TAMS 0x0000000744300000, 0x0000000744300000|
|  68|0x0000000744400000, 0x0000000744400000, 0x0000000744500000|  0%| F|  |TS  0|AC  0|TAMS 0x0000000744400000, 0x0000000744400000|
|  69|0x0000000744500000, 0x0000000744500000, 0x0000000744600000|  0%| F|  |TS  0|AC  0|TAMS 0x0000000744500000, 0x0000000744500000|
|  70|0x0000000744600000, 0x0000000744600000, 0x0000000744700000|  0%| F|  |TS  0|AC  0|TAMS 0x0000000744600000, 0x0000000744600000|
|  71|0x0000000744700000, 0x0000000744700000, 0x0000000744800000|  0%| F|  |TS  0|AC  0|TAMS 0x0000000744700000, 0x0000000744700000|
|  72|0x0000000744800000, 0x0000000744800000, 0x0000000744900000|  0%| F|  |TS  0|AC  0|TAMS 0x0000000744800000, 0x0000000744800000|
|  73|0x0000000744900000, 0x0000000744900000, 0x0000000744a00000|  0%| F|  |TS  0|AC  0|TAMS 0x0000000744900000, 0x0000000744900000|
|  74|0x0000000744a00000, 0x0000000744a00000, 0x0000000744b00000|  0%| F|  |TS  0|AC  0|TAMS 0x0000000744a00000, 0x0000000744a00000|
|  75|0x0000000744b00000, 0x0000000744b00000, 0x0000000744c00000|  0%| F|  |TS  0|AC  0|TAMS 0x0000000744b00000, 0x0000000744b00000|
|  76|0x0000000744c00000, 0x0000000744c00000, 0x0000000744d00000|  0%| F|  |TS  0|AC  0|TAMS 0x0000000744c00000, 0x0000000744c00000|
|  77|0x0000000744d00000, 0x0000000744d00000, 0x0000000744e00000|  0%| F|  |TS  0|AC  0|TAMS 0x0000000744d00000, 0x0000000744d00000|
|  78|0x0000000744e00000, 0x0000000744e00000, 0x0000000744f00000|  0%| F|  |TS  0|AC  0|TAMS 0x0000000744e00000, 0x0000000744e00000|
|  79|0x0000000744f00000, 0x0000000744f00000, 0x0000000745000000|  0%| F|  |TS  0|AC  0|TAMS 0x0000000744f00000, 0x0000000744f00000|
|  80|0x0000000745000000, 0x0000000745000000, 0x0000000745100000|  0%| F|  |TS  0|AC  0|TAMS 0x0000000745000000, 0x0000000745000000|
|  81|0x0000000745100000, 0x0000000745100000, 0x0000000745200000|  0%| F|  |TS  0|AC  0|TAMS 0x0000000745100000, 0x0000000745100000|
|  82|0x0000000745200000, 0x0000000745200000, 0x0000000745300000|  0%| F|  |TS  0|AC  0|TAMS 0x0000000745200000, 0x0000000745200000|
|  83|0x0000000745300000, 0x0000000745300000, 0x0000000745400000|  0%| F|  |TS  0|AC  0|TAMS 0x0000000745300000, 0x0000000745300000|
|  84|0x0000000745400000, 0x0000000745400000, 0x0000000745500000|  0%| F|  |TS  0|AC  0|TAMS 0x0000000745400000, 0x0000000745400000|
|  85|0x0000000745500000, 0x0000000745500000, 0x0000000745600000|  0%| F|  |TS  0|AC  0|TAMS 0x0000000745500000, 0x0000000745500000|
|  86|0x0000000745600000, 0x0000000745600000, 0x0000000745700000|  0%| F|  |TS  0|AC  0|TAMS 0x0000000745600000, 0x0000000745600000|
|  87|0x0000000745700000, 0x0000000745700000, 0x0000000745800000|  0%| F|  |TS  0|AC  0|TAMS 0x0000000745700000, 0x0000000745700000|
|  88|0x0000000745800000, 0x0000000745800000, 0x0000000745900000|  0%| F|  |TS  0|AC  0|TAMS 0x0000000745800000, 0x0000000745800000|
|  89|0x0000000745900000, 0x0000000745900000, 0x0000000745a00000|  0%| F|  |TS  0|AC  0|TAMS 0x0000000745900000, 0x0000000745900000|
|  90|0x0000000745a00000, 0x0000000745a00000, 0x0000000745b00000|  0%| F|  |TS  0|AC  0|TAMS 0x0000000745a00000, 0x0000000745a00000|
|  91|0x0000000745b00000, 0x0000000745b00000, 0x0000000745c00000|  0%| F|  |TS  0|AC  0|TAMS 0x0000000745b00000, 0x0000000745b00000|
|  92|0x0000000745c00000, 0x0000000745c00000, 0x0000000745d00000|  0%| F|  |TS  0|AC  0|TAMS 0x0000000745c00000, 0x0000000745c00000|
|  93|0x0000000745d00000, 0x0000000745d00000, 0x0000000745e00000|  0%| F|  |TS  0|AC  0|TAMS 0x0000000745d00000, 0x0000000745d00000|
|  94|0x0000000745e00000, 0x0000000745e00000, 0x0000000745f00000|  0%| F|  |TS  0|AC  0|TAMS 0x0000000745e00000, 0x0000000745e00000|
|  95|0x0000000745f00000, 0x0000000745f00000, 0x0000000746000000|  0%| F|  |TS  0|AC  0|TAMS 0x0000000745f00000, 0x0000000745f00000|
|  96|0x0000000746000000, 0x0000000746000000, 0x0000000746100000|  0%| F|  |TS  0|AC  0|TAMS 0x0000000746000000, 0x0000000746000000|
|  97|0x0000000746100000, 0x0000000746100000, 0x0000000746200000|  0%| F|  |TS  0|AC  0|TAMS 0x0000000746100000, 0x0000000746100000|
|  98|0x0000000746200000, 0x0000000746200000, 0x0000000746300000|  0%| F|  |TS  0|AC  0|TAMS 0x0000000746200000, 0x0000000746200000|
|  99|0x0000000746300000, 0x0000000746300000, 0x0000000746400000|  0%| F|  |TS  0|AC  0|TAMS 0x0000000746300000, 0x0000000746300000|
| 100|0x0000000746400000, 0x0000000746400000, 0x0000000746500000|  0%| F|  |TS  0|AC  0|TAMS 0x0000000746400000, 0x0000000746400000|
| 101|0x0000000746500000, 0x0000000746500000, 0x0000000746600000|  0%| F|  |TS  0|AC  0|TAMS 0x0000000746500000, 0x0000000746500000|
| 102|0x0000000746600000, 0x0000000746600000, 0x0000000746700000|  0%| F|  |TS  0|AC  0|TAMS 0x0000000746600000, 0x0000000746600000|
| 103|0x0000000746700000, 0x0000000746700000, 0x0000000746800000|  0%| F|  |TS  0|AC  0|TAMS 0x0000000746700000, 0x0000000746700000|
| 104|0x0000000746800000, 0x0000000746800000, 0x0000000746900000|  0%| F|  |TS  0|AC  0|TAMS 0x0000000746800000, 0x0000000746800000|
| 105|0x0000000746900000, 0x0000000746900000, 0x0000000746a00000|  0%| F|  |TS  0|AC  0|TAMS 0x0000000746900000, 0x0000000746900000|
| 106|0x0000000746a00000, 0x0000000746a00000, 0x0000000746b00000|  0%| F|  |TS  0|AC  0|TAMS 0x0000000746a00000, 0x0000000746a00000|
| 107|0x0000000746b00000, 0x0000000746b00000, 0x0000000746c00000|  0%| F|  |TS  0|AC  0|TAMS 0x0000000746b00000, 0x0000000746b00000|
| 108|0x0000000746c00000, 0x0000000746c00000, 0x0000000746d00000|  0%| F|  |TS  0|AC  0|TAMS 0x0000000746c00000, 0x0000000746c00000|
| 109|0x0000000746d00000, 0x0000000746d00000, 0x0000000746e00000|  0%| F|  |TS  0|AC  0|TAMS 0x0000000746d00000, 0x0000000746d00000|
| 110|0x0000000746e00000, 0x0000000746e00000, 0x0000000746f00000|  0%| F|  |TS  0|AC  0|TAMS 0x0000000746e00000, 0x0000000746e00000|
| 111|0x0000000746f00000, 0x0000000746f00000, 0x0000000747000000|  0%| F|  |TS  0|AC  0|TAMS 0x0000000746f00000, 0x0000000746f00000|
| 112|0x0000000747000000, 0x0000000747100000, 0x0000000747100000|100%| S|CS|TS  1|AC  0|TAMS 0x0000000747000000, 0x0000000747000000|
| 113|0x0000000747100000, 0x0000000747200000, 0x0000000747200000|100%| S|CS|TS  1|AC  0|TAMS 0x0000000747100000, 0x0000000747100000|
| 114|0x0000000747200000, 0x0000000747200000, 0x0000000747300000|  0%| F|  |TS  1|AC  0|TAMS 0x0000000747200000, 0x0000000747200000|
| 115|0x0000000747300000, 0x0000000747300000, 0x0000000747400000|  0%| F|  |TS  1|AC  0|TAMS 0x0000000747300000, 0x0000000747300000|
| 116|0x0000000747400000, 0x0000000747400000, 0x0000000747500000|  0%| F|  |TS  1|AC  0|TAMS 0x0000000747400000, 0x0000000747400000|
| 117|0x0000000747500000, 0x0000000747500000, 0x0000000747600000|  0%| F|  |TS  1|AC  0|TAMS 0x0000000747500000, 0x0000000747500000|
| 118|0x0000000747600000, 0x0000000747600000, 0x0000000747700000|  0%| F|  |TS  1|AC  0|TAMS 0x0000000747600000, 0x0000000747600000|
| 119|0x0000000747700000, 0x0000000747700000, 0x0000000747800000|  0%| F|  |TS  1|AC  0|TAMS 0x0000000747700000, 0x0000000747700000|
| 120|0x0000000747800000, 0x0000000747800000, 0x0000000747900000|  0%| F|  |TS  1|AC  0|TAMS 0x0000000747800000, 0x0000000747800000|
| 121|0x0000000747900000, 0x0000000747900000, 0x0000000747a00000|  0%| F|  |TS  1|AC  0|TAMS 0x0000000747900000, 0x0000000747900000|
| 122|0x0000000747a00000, 0x0000000747a00000, 0x0000000747b00000|  0%| F|  |TS  1|AC  0|TAMS 0x0000000747a00000, 0x0000000747a00000|
| 123|0x0000000747b00000, 0x0000000747b00000, 0x0000000747c00000|  0%| F|  |TS  1|AC  0|TAMS 0x0000000747b00000, 0x0000000747b00000|
| 124|0x0000000747c00000, 0x0000000747c00000, 0x0000000747d00000|  0%| F|  |TS  1|AC  0|TAMS 0x0000000747c00000, 0x0000000747c00000|
| 125|0x0000000747d00000, 0x0000000747d80800, 0x0000000747e00000| 50%| E|  |TS  1|AC  0|TAMS 0x0000000747d00000, 0x0000000747d00000|
| 126|0x0000000747e00000, 0x0000000747f00000, 0x0000000747f00000|100%| E|CS|TS  1|AC  0|TAMS 0x0000000747e00000, 0x0000000747e00000|
| 127|0x0000000747f00000, 0x0000000748000000, 0x0000000748000000|100%| E|CS|TS  1|AC  0|TAMS 0x0000000747f00000, 0x0000000747f00000|

Card table byte_map: [0x000000010468b000,0x0000000104a8b000] byte_map_base: 0x0000000100c8b000

Marking Bits (Prev, Next): (CMBitMap*) 0x00007fbc54826660, (CMBitMap*) 0x00007fbc54826698
 Prev Bits: [0x0000000104e8b000, 0x0000000106e8b000)
 Next Bits: [0x0000000106e8b000, 0x0000000108e8b000)

Polling page: 0x000000010269e000

CodeHeap 'non-profiled nmethods': size=120032Kb used=671Kb max_used=671Kb free=119360Kb
 bounds [0x000000011e175000, 0x000000011e3e5000, 0x00000001256ad000]
CodeHeap 'profiled nmethods': size=120032Kb used=2232Kb max_used=2232Kb free=117799Kb
 bounds [0x0000000116c3d000, 0x0000000116ead000, 0x000000011e175000]
CodeHeap 'non-nmethods': size=5696Kb used=1199Kb max_used=1218Kb free=4496Kb
 bounds [0x00000001166ad000, 0x000000011691d000, 0x0000000116c3d000]
 total_blobs=2072 nmethods=1213 adapters=502
 compilation: enabled

Compilation events (10 events):
Event: 2762.052 Thread 0x00007fbc53804000 nmethod 1175 0x0000000116e58110 code [0x0000000116e58380, 0x0000000116e58c98]
Event: 2762.053 Thread 0x00007fbc53804000 1176       3       java.util.ArrayList::<init> (61 bytes)
Event: 2762.054 Thread 0x00007fbc53804000 nmethod 1176 0x0000000116e58f90 code [0x0000000116e59220, 0x0000000116e59df8]
Event: 2762.054 Thread 0x00007fbc53804000 1177       1       java.lang.invoke.ClassSpecializer::access$600 (5 bytes)
Event: 2762.054 Thread 0x00007fbc53804000 nmethod 1177 0x000000011e213590 code [0x000000011e213740, 0x000000011e213830]
Event: 2762.054 Thread 0x00007fbc53804000 1181       3       jdk.internal.org.objectweb.asm.AnnotationWriter::put (109 bytes)
Event: 2762.055 Thread 0x00007fbc53804000 nmethod 1181 0x0000000116e5a190 code [0x0000000116e5a3a0, 0x0000000116e5a838]
Event: 2762.056 Thread 0x00007fbc53804000 1182       3       jdk.internal.org.objectweb.asm.ClassWriter::<init> (117 bytes)
Event: 2762.057 Thread 0x00007fbc53804000 nmethod 1182 0x0000000116e5aa90 code [0x0000000116e5ad20, 0x0000000116e5b9e8]
Event: 2762.057 Thread 0x00007fbc53804000 1186       3       jdk.internal.org.objectweb.asm.ClassWriter::toByteArray (1423 bytes)

GC Heap History (2 events):
Event: 2762.005 GC heap before
{Heap before GC invocations=0 (full 0):
 garbage-first heap   total 131072K, used 14336K [0x0000000740000000, 0x00000007c0000000)
  region size 1024K, 14 young (14336K), 0 survivors (0K)
 Metaspace       used 13722K, capacity 14052K, committed 14208K, reserved 1062912K
  class space    used 1412K, capacity 1598K, committed 1664K, reserved 1048576K
}
Event: 2762.013 GC heap after
{Heap after GC invocations=1 (full 0):
 garbage-first heap   total 131072K, used 2054K [0x0000000740000000, 0x00000007c0000000)
  region size 1024K, 2 young (2048K), 2 survivors (2048K)
 Metaspace       used 13722K, capacity 14052K, committed 14208K, reserved 1062912K
  class space    used 1412K, capacity 1598K, committed 1664K, reserved 1048576K
}

Deoptimization events (10 events):
Event: 2761.212 Thread 0x00007fbc54123000 Uncommon trap: reason=class_check action=maybe_recompile pc=0x000000011e1e9c60 method=java.awt.EventQueue.getAccessControlContextFrom(Ljava/lang/Object;)Ljava/security/AccessControlContext; @ 25 c2
Event: 2761.212 Thread 0x00007fbc54123000 Uncommon trap: reason=class_check action=maybe_recompile pc=0x000000011e1d1948 method=sun.awt.SunToolkit.getAppContext(Ljava/lang/Object;)Lsun/awt/AppContext; @ 31 c2
Event: 2761.212 Thread 0x00007fbc54123000 Uncommon trap: reason=class_check action=maybe_recompile pc=0x000000011e1d1948 method=sun.awt.SunToolkit.getAppContext(Ljava/lang/Object;)Lsun/awt/AppContext; @ 31 c2
Event: 2761.213 Thread 0x00007fbc54123000 Uncommon trap: reason=class_check action=maybe_recompile pc=0x000000011e1e9c60 method=java.awt.EventQueue.getAccessControlContextFrom(Ljava/lang/Object;)Ljava/security/AccessControlContext; @ 25 c2
Event: 2761.213 Thread 0x00007fbc54123000 Uncommon trap: reason=class_check action=maybe_recompile pc=0x000000011e1f2f14 method=java.awt.EventQueue.dispatchEventImpl(Ljava/awt/AWTEvent;Ljava/lang/Object;)V @ 52 c2
Event: 2761.213 Thread 0x00007fbc54123000 Uncommon trap: reason=unstable_if action=reinterpret pc=0x000000011e1f166c method=java.awt.EventQueue.setCurrentEventAndMostRecentTimeImpl(Ljava/awt/AWTEvent;)V @ 115 c2
Event: 2761.744 Thread 0x00007fbc54123000 Uncommon trap: reason=unstable_if action=reinterpret pc=0x000000011e20b240 method=java.util.HashMap.putVal(ILjava/lang/Object;Ljava/lang/Object;ZZ)Ljava/lang/Object; @ 181 c2
Event: 2762.013 Thread 0x00007fbc54123000 Uncommon trap: reason=unstable_if action=reinterpret pc=0x000000011e208da8 method=java.lang.invoke.MethodType$ConcurrentWeakInternSet$WeakEntry.equals(Ljava/lang/Object;)Z @ 21 c2
Event: 2762.013 Thread 0x00007fbc54123000 Uncommon trap: reason=unstable_if action=reinterpret pc=0x000000011e210764 method=java.lang.ref.ReferenceQueue.poll()Ljava/lang/ref/Reference; @ 4 c2
Event: 2762.037 Thread 0x00007fbc54123000 Uncommon trap: reason=unstable_if action=reinterpret pc=0x000000011e189e78 method=java.lang.String.isLatin1()Z @ 10 c2

Classes redefined (0 events):
No events

Internal exceptions (10 events):
Event: 2761.646 Thread 0x00007fbc54123000 Exception <a 'java/lang/NoSuchMethodError'{0x00000007473389e0}: method resolution failed> (0x00000007473389e0) thrown at [/scratch/mesos/slaves/9190d864-6621-4810-ba08-d8d8c75ba674-S34/frameworks/1735e8a2-a1db-478c-8104-60c8b0af87dd-0196/executors/f87b489
Event: 2761.650 Thread 0x00007fbc54123000 Exception <a 'java/lang/NoSuchMethodError'{0x0000000747350d28}: java.lang.invoke.DirectMethodHandle$Holder.invokeStatic(Ljava/lang/Object;ILjava/lang/Object;)Ljava/lang/Object;> (0x0000000747350d28) thrown at [/scratch/mesos/slaves/9190d864-6621-4810-ba08
Event: 2761.658 Thread 0x00007fbc54123000 Exception <a 'java/lang/ClassNotFoundException'{0x000000074737f640}: com/apple/laf/resources/spi/aquaProvider> (0x000000074737f640) thrown at [/scratch/mesos/slaves/9190d864-6621-4810-ba08-d8d8c75ba674-S34/frameworks/1735e8a2-a1db-478c-8104-60c8b0af87dd-0
Event: 2761.692 Thread 0x00007fbc54123000 Exception <a 'java/lang/ClassNotFoundException'{0x00000007473ec608}: com/sun/swing/internal/plaf/basic/resources/spi/basicProvider> (0x00000007473ec608) thrown at [/scratch/mesos/slaves/9190d864-6621-4810-ba08-d8d8c75ba674-S34/frameworks/1735e8a2-a1db-478
Event: 2762.013 Thread 0x00007fbc54123000 Implicit null exception at 0x000000011e2085e5 to 0x000000011e208d7a
Event: 2762.014 Thread 0x00007fbc54002800 Exception <a 'java/lang/NullPointerException'{0x0000000747f80800}> (0x0000000747f80800) thrown at [/scratch/mesos/slaves/9190d864-6621-4810-ba08-d8d8c75ba674-S34/frameworks/1735e8a2-a1db-478c-8104-60c8b0af87dd-0196/executors/f87b4890-2412-429e-bdfd-83788a
Event: 2762.044 Thread 0x00007fbc54123000 Exception <a 'java/lang/NoSuchMethodError'{0x0000000747e12c98}: java.lang.invoke.DirectMethodHandle$Holder.invokeStatic(Ljava/lang/Object;Ljava/lang/Object;Ljava/lang/Object;Ljava/lang/Object;Ljava/lang/Object;Ljava/lang/Object;Ljava/lang/Object;Ljava/lan
Event: 2762.047 Thread 0x00007fbc54123000 Exception <a 'java/lang/NoSuchMethodError'{0x0000000747e33288}: java.lang.invoke.DirectMethodHandle$Holder.invokeStatic(Ljava/lang/Object;Ljava/lang/Object;Ljava/lang/Object;Ljava/lang/Object;Ljava/lang/Object;Ljava/lang/Object;Ljava/lang/Object;Ljava/lan
Event: 2762.050 Thread 0x00007fbc54123000 Exception <a 'java/lang/NoSuchMethodError'{0x0000000747e549b8}: java.lang.invoke.DirectMethodHandle$Holder.invokeStatic(Ljava/lang/Object;Ljava/lang/Object;Ljava/lang/Object;Ljava/lang/Object;Ljava/lang/Object;Ljava/lang/Object;Ljava/lang/Object;Ljava/lan
Event: 2762.053 Thread 0x00007fbc54123000 Exception <a 'java/lang/NoSuchMethodError'{0x0000000747e77b20}: java.lang.invoke.DirectMethodHandle$Holder.invokeStatic(Ljava/lang/Object;Ljava/lang/Object;Ljava/lang/Object;Ljava/lang/Object;Ljava/lang/Object;Ljava/lang/Object;Ljava/lang/Object;Ljava/lan

Events (10 events):
Event: 2762.042 loading class java/lang/invoke/BoundMethodHandle$Species_LLLLLLLLI
Event: 2762.042 loading class java/lang/invoke/BoundMethodHandle$Species_LLLLLLLLI done
Event: 2762.045 loading class java/lang/invoke/BoundMethodHandle$Species_LLLLLLLLII
Event: 2762.045 loading class java/lang/invoke/BoundMethodHandle$Species_LLLLLLLLII done
Event: 2762.048 loading class java/lang/invoke/BoundMethodHandle$Species_LLLLLLLLIIL
Event: 2762.048 loading class java/lang/invoke/BoundMethodHandle$Species_LLLLLLLLIIL done
Event: 2762.051 loading class java/lang/invoke/BoundMethodHandle$Species_LLLLLLLLIILL
Event: 2762.051 loading class java/lang/invoke/BoundMethodHandle$Species_LLLLLLLLIILL done
Event: 2762.054 loading class sun/font/FontFamily
Event: 2762.055 loading class sun/font/FontFamily done


Dynamic libraries:
0x00007fff2e1cc000 	/System/Library/Frameworks/Cocoa.framework/Versions/A/Cocoa
0x00007fff3b7b5000 	/System/Library/Frameworks/Security.framework/Versions/A/Security
0x00007fff2d16c000 	/System/Library/Frameworks/ApplicationServices.framework/Versions/A/ApplicationServices
0x00007fff65a6e000 	/usr/lib/libz.1.dylib
0x00007fff634c9000 	/usr/lib/libSystem.B.dylib
0x00007fff2f144000 	/System/Library/Frameworks/CoreFoundation.framework/Versions/A/CoreFoundation
0x00007fff3182c000 	/System/Library/Frameworks/Foundation.framework/Versions/C/Foundation
0x00007fff653a1000 	/usr/lib/libobjc.A.dylib
0x00007fff2c364000 	/System/Library/Frameworks/AppKit.framework/Versions/C/AppKit
0x00007fff2ec49000 	/System/Library/Frameworks/CoreData.framework/Versions/A/CoreData
0x00007fff5fd74000 	/System/Library/PrivateFrameworks/UIFoundation.framework/Versions/A/UIFoundation
0x00007fff5a5a5000 	/System/Library/PrivateFrameworks/RemoteViewServices.framework/Versions/A/RemoteViewServices
0x00007fff627f7000 	/System/Library/PrivateFrameworks/XCTTargetBootstrap.framework/Versions/A/XCTTargetBootstrap
0x00007fff2f037000 	/System/Library/Frameworks/CoreDisplay.framework/Versions/A/CoreDisplay
0x00007fff345a0000 	/System/Library/Frameworks/Metal.framework/Versions/A/Metal
0x00007fff48ab1000 	/System/Library/PrivateFrameworks/DesktopServicesPriv.framework/Versions/A/DesktopServicesPriv
0x00007fff6468c000 	/usr/lib/liblangid.dylib
0x00007fff47c08000 	/System/Library/PrivateFrameworks/CoreSVG.framework/Versions/A/CoreSVG
0x00007fff5d325000 	/System/Library/PrivateFrameworks/SkyLight.framework/Versions/A/SkyLight
0x00007fff2f5c5000 	/System/Library/Frameworks/CoreGraphics.framework/Versions/A/CoreGraphics
0x00007fff2adfa000 	/System/Library/Frameworks/Accelerate.framework/Versions/A/Accelerate
0x00007fff6595f000 	/usr/lib/libxml2.2.dylib
0x00007fff537b4000 	/System/Library/PrivateFrameworks/IconServices.framework/Versions/A/IconServices
0x00007fff3200e000 	/System/Library/Frameworks/IOSurface.framework/Versions/A/IOSurface
0x00007fff63001000 	/usr/lib/libDiagnosticMessagesClient.dylib
0x00007fff4892a000 	/System/Library/PrivateFrameworks/DFRFoundation.framework/Versions/A/DFRFoundation
0x00007fff6441a000 	/usr/lib/libicucore.A.dylib
0x00007fff2d49e000 	/System/Library/Frameworks/AudioToolbox.framework/Versions/A/AudioToolbox
0x00007fff2d580000 	/System/Library/Frameworks/AudioUnit.framework/Versions/A/AudioUnit
0x00007fff63762000 	/usr/lib/libauto.dylib
0x00007fff489ab000 	/System/Library/PrivateFrameworks/DataDetectorsCore.framework/Versions/A/DataDetectorsCore
0x00007fff2dcec000 	/System/Library/Frameworks/Carbon.framework/Versions/A/Frameworks/HIToolbox.framework/Versions/A/HIToolbox
0x00007fff3a9ea000 	/System/Library/Frameworks/QuartzCore.framework/Versions/A/QuartzCore
0x00007fff2e02b000 	/System/Library/Frameworks/Carbon.framework/Versions/A/Frameworks/SpeechRecognition.framework/Versions/A/SpeechRecognition
0x00007fff482ae000 	/System/Library/PrivateFrameworks/CoreUI.framework/Versions/A/CoreUI
0x00007fff2e6af000 	/System/Library/Frameworks/CoreAudio.framework/Versions/A/CoreAudio
0x00007fff314f4000 	/System/Library/Frameworks/DiskArbitration.framework/Versions/A/DiskArbitration
0x00007fff557bd000 	/System/Library/PrivateFrameworks/MultitouchSupport.framework/Versions/A/MultitouchSupport
0x00007fff642e0000 	/usr/lib/libenergytrace.dylib
0x00007fff31f69000 	/System/Library/Frameworks/IOKit.framework/Versions/A/IOKit
0x00007fff30556000 	/System/Library/Frameworks/CoreServices.framework/Versions/A/CoreServices
0x00007fff57833000 	/System/Library/PrivateFrameworks/PerformanceAnalysis.framework/Versions/A/PerformanceAnalysis
0x00007fff39a21000 	/System/Library/Frameworks/OpenGL.framework/Versions/A/OpenGL
0x00007fff2e1da000 	/System/Library/Frameworks/ColorSync.framework/Versions/A/ColorSync
0x00007fff2fc70000 	/System/Library/Frameworks/CoreImage.framework/Versions/A/CoreImage
0x00007fff30fcb000 	/System/Library/Frameworks/CoreText.framework/Versions/A/CoreText
0x00007fff32095000 	/System/Library/Frameworks/ImageIO.framework/Versions/A/ImageIO
0x00007fff6383e000 	/usr/lib/libc++.1.dylib
0x00007fff638ba000 	/usr/lib/libcompression.dylib
0x00007fff63343000 	/usr/lib/libMobileGestalt.dylib
0x00007fff5ee56000 	/System/Library/PrivateFrameworks/TextureIO.framework/Versions/A/TextureIO
0x00007fff63631000 	/usr/lib/libate.dylib
0x00007fff539bc000 	/System/Library/PrivateFrameworks/InternationalSupport.framework/Versions/A/InternationalSupport
0x00007fff664e6000 	/usr/lib/system/libcache.dylib
0x00007fff664ec000 	/usr/lib/system/libcommonCrypto.dylib
0x00007fff664f8000 	/usr/lib/system/libcompiler_rt.dylib
0x00007fff66500000 	/usr/lib/system/libcopyfile.dylib
0x00007fff6650a000 	/usr/lib/system/libcorecrypto.dylib
0x00007fff666b8000 	/usr/lib/system/libdispatch.dylib
0x00007fff666fa000 	/usr/lib/system/libdyld.dylib
0x00007fff66730000 	/usr/lib/system/libkeymgr.dylib
0x00007fff6673e000 	/usr/lib/system/liblaunch.dylib
0x00007fff6673f000 	/usr/lib/system/libmacho.dylib
0x00007fff66745000 	/usr/lib/system/libquarantine.dylib
0x00007fff66748000 	/usr/lib/system/libremovefile.dylib
0x00007fff6674a000 	/usr/lib/system/libsystem_asl.dylib
0x00007fff66762000 	/usr/lib/system/libsystem_blocks.dylib
0x00007fff66763000 	/usr/lib/system/libsystem_c.dylib
0x00007fff667eb000 	/usr/lib/system/libsystem_configuration.dylib
0x00007fff667ef000 	/usr/lib/system/libsystem_coreservices.dylib
0x00007fff667f3000 	/usr/lib/system/libsystem_darwin.dylib
0x00007fff667fb000 	/usr/lib/system/libsystem_dnssd.dylib
0x00007fff66803000 	/usr/lib/system/libsystem_featureflags.dylib
0x00007fff66805000 	/usr/lib/system/libsystem_info.dylib
0x00007fff66880000 	/usr/lib/system/libsystem_m.dylib
0x00007fff668cc000 	/usr/lib/system/libsystem_malloc.dylib
0x00007fff668f4000 	/usr/lib/system/libsystem_networkextension.dylib
0x00007fff66902000 	/usr/lib/system/libsystem_notify.dylib
0x00007fff66921000 	/usr/lib/system/libsystem_sandbox.dylib
0x00007fff66926000 	/usr/lib/system/libsystem_secinit.dylib
0x00007fff66853000 	/usr/lib/system/libsystem_kernel.dylib
0x00007fff6690c000 	/usr/lib/system/libsystem_platform.dylib
0x00007fff66916000 	/usr/lib/system/libsystem_pthread.dylib
0x00007fff66929000 	/usr/lib/system/libsystem_symptoms.dylib
0x00007fff66931000 	/usr/lib/system/libsystem_trace.dylib
0x00007fff66949000 	/usr/lib/system/libunwind.dylib
0x00007fff6694f000 	/usr/lib/system/libxpc.dylib
0x00007fff63892000 	/usr/lib/libc++abi.dylib
0x00007fff6468e000 	/usr/lib/liblzma.5.dylib
0x00007fff64308000 	/usr/lib/libfakelink.dylib
0x00007fff635be000 	/usr/lib/libarchive.2.dylib
0x00007fff3c96f000 	/System/Library/Frameworks/SystemConfiguration.framework/Versions/A/SystemConfiguration
0x00007fff62f32000 	/usr/lib/libCRFSuite.dylib
0x00007fff2d8f6000 	/System/Library/Frameworks/CFNetwork.framework/Versions/A/CFNetwork
0x00007fff63820000 	/usr/lib/libbsm.0.dylib
0x00007fff66731000 	/usr/lib/system/libkxld.dylib
0x00007fff42447000 	/System/Library/PrivateFrameworks/AppleFSCompression.framework/Versions/A/AppleFSCompression
0x00007fff63b9f000 	/usr/lib/libcoretls.dylib
0x00007fff63bb6000 	/usr/lib/libcoretls_cfhelpers.dylib
0x00007fff653e6000 	/usr/lib/libpam.2.dylib
0x00007fff65516000 	/usr/lib/libsqlite3.dylib
0x00007fff6594c000 	/usr/lib/libxar.1.dylib
0x00007fff63831000 	/usr/lib/libbz2.1.0.dylib
0x00007fff64329000 	/usr/lib/libiconv.2.dylib
0x00007fff638a7000 	/usr/lib/libcharset.1.dylib
0x00007fff64e90000 	/usr/lib/libnetwork.dylib
0x00007fff653ed000 	/usr/lib/libpcap.A.dylib
0x00007fff63573000 	/usr/lib/libapple_nghttp2.dylib
0x00007fff3090d000 	/System/Library/Frameworks/CoreServices.framework/Versions/A/Frameworks/FSEvents.framework/Versions/A/FSEvents
0x00007fff305dd000 	/System/Library/Frameworks/CoreServices.framework/Versions/A/Frameworks/CarbonCore.framework/Versions/A/CarbonCore
0x00007fff30b50000 	/System/Library/Frameworks/CoreServices.framework/Versions/A/Frameworks/Metadata.framework/Versions/A/Metadata
0x00007fff30be9000 	/System/Library/Frameworks/CoreServices.framework/Versions/A/Frameworks/OSServices.framework/Versions/A/OSServices
0x00007fff30c17000 	/System/Library/Frameworks/CoreServices.framework/Versions/A/Frameworks/SearchKit.framework/Versions/A/SearchKit
0x00007fff30557000 	/System/Library/Frameworks/CoreServices.framework/Versions/A/Frameworks/AE.framework/Versions/A/AE
0x00007fff30916000 	/System/Library/Frameworks/CoreServices.framework/Versions/A/Frameworks/LaunchServices.framework/Versions/A/LaunchServices
0x00007fff308bf000 	/System/Library/Frameworks/CoreServices.framework/Versions/A/Frameworks/DictionaryServices.framework/Versions/A/DictionaryServices
0x00007fff30c7f000 	/System/Library/Frameworks/CoreServices.framework/Versions/A/Frameworks/SharedFileList.framework/Versions/A/SharedFileList
0x00007fff35875000 	/System/Library/Frameworks/NetFS.framework/Versions/A/NetFS
0x00007fff55c60000 	/System/Library/PrivateFrameworks/NetAuth.framework/Versions/A/NetAuth
0x00007fff62bc1000 	/System/Library/PrivateFrameworks/login.framework/Versions/A/Frameworks/loginsupport.framework/Versions/A/loginsupport
0x00007fff5e954000 	/System/Library/PrivateFrameworks/TCC.framework/Versions/A/TCC
0x00007fff46fdb000 	/System/Library/PrivateFrameworks/CoreNLP.framework/Versions/A/CoreNLP
0x00007fff551ed000 	/System/Library/PrivateFrameworks/MetadataUtilities.framework/Versions/A/MetadataUtilities
0x00007fff64766000 	/usr/lib/libmecabra.dylib
0x00007fff646be000 	/usr/lib/libmecab.dylib
0x00007fff64319000 	/usr/lib/libgermantok.dylib
0x00007fff6355a000 	/usr/lib/libThaiTokenizer.dylib
0x00007fff62f6a000 	/usr/lib/libChineseTokenizer.dylib
0x00007fff2ae12000 	/System/Library/Frameworks/Accelerate.framework/Versions/A/Frameworks/vImage.framework/Versions/A/vImage
0x00007fff2c1bf000 	/System/Library/Frameworks/Accelerate.framework/Versions/A/Frameworks/vecLib.framework/Versions/A/vecLib
0x00007fff2c044000 	/System/Library/Frameworks/Accelerate.framework/Versions/A/Frameworks/vecLib.framework/Versions/A/libvMisc.dylib
0x00007fff2beb1000 	/System/Library/Frameworks/Accelerate.framework/Versions/A/Frameworks/vecLib.framework/Versions/A/libvDSP.dylib
0x00007fff2b6ba000 	/System/Library/Frameworks/Accelerate.framework/Versions/A/Frameworks/vecLib.framework/Versions/A/libBLAS.dylib
0x00007fff2ba5c000 	/System/Library/Frameworks/Accelerate.framework/Versions/A/Frameworks/vecLib.framework/Versions/A/libLAPACK.dylib
0x00007fff2be11000 	/System/Library/Frameworks/Accelerate.framework/Versions/A/Frameworks/vecLib.framework/Versions/A/libLinearAlgebra.dylib
0x00007fff2be9e000 	/System/Library/Frameworks/Accelerate.framework/Versions/A/Frameworks/vecLib.framework/Versions/A/libSparseBLAS.dylib
0x00007fff2be27000 	/System/Library/Frameworks/Accelerate.framework/Versions/A/Frameworks/vecLib.framework/Versions/A/libQuadrature.dylib
0x00007fff2b854000 	/System/Library/Frameworks/Accelerate.framework/Versions/A/Frameworks/vecLib.framework/Versions/A/libBNNS.dylib
0x00007fff2be2d000 	/System/Library/Frameworks/Accelerate.framework/Versions/A/Frameworks/vecLib.framework/Versions/A/libSparse.dylib
0x00007fff53d7a000 	/System/Library/PrivateFrameworks/LanguageModeling.framework/Versions/A/LanguageModeling
0x00007fff4697a000 	/System/Library/PrivateFrameworks/CoreEmoji.framework/Versions/A/CoreEmoji
0x00007fff53e98000 	/System/Library/PrivateFrameworks/LinguisticData.framework/Versions/A/LinguisticData
0x00007fff53e49000 	/System/Library/PrivateFrameworks/Lexicon.framework/Versions/A/Lexicon
0x00007fff638a8000 	/usr/lib/libcmph.dylib
0x00007fff38447000 	/System/Library/Frameworks/OpenDirectory.framework/Versions/A/Frameworks/CFOpenDirectory.framework/Versions/A/CFOpenDirectory
0x00007fff38464000 	/System/Library/Frameworks/OpenDirectory.framework/Versions/A/OpenDirectory
0x00007fff40735000 	/System/Library/PrivateFrameworks/APFS.framework/Versions/A/APFS
0x00007fff3bafc000 	/System/Library/Frameworks/SecurityFoundation.framework/Versions/A/SecurityFoundation
0x00007fff65948000 	/usr/lib/libutil.dylib
0x00007fff47c60000 	/System/Library/PrivateFrameworks/CoreServicesStore.framework/Versions/A/CoreServicesStore
0x00007fff3bbde000 	/System/Library/Frameworks/ServiceManagement.framework/Versions/A/ServiceManagement
0x00007fff43bf9000 	/System/Library/PrivateFrameworks/BackgroundTaskManagement.framework/Versions/A/BackgroundTaskManagement
0x00007fff65a45000 	/usr/lib/libxslt.1.dylib
0x00007fff42aaa000 	/System/Library/PrivateFrameworks/AppleSystemInfo.framework/Versions/A/AppleSystemInfo
0x00007fff322b2000 	/System/Library/Frameworks/ImageIO.framework/Versions/A/Resources/libJPEG.dylib
0x00007fff32571000 	/System/Library/Frameworks/ImageIO.framework/Versions/A/Resources/libTIFF.dylib
0x00007fff32554000 	/System/Library/Frameworks/ImageIO.framework/Versions/A/Resources/libPng.dylib
0x00007fff321f4000 	/System/Library/Frameworks/ImageIO.framework/Versions/A/Resources/libGIF.dylib
0x00007fff321f8000 	/System/Library/Frameworks/ImageIO.framework/Versions/A/Resources/libJP2.dylib
0x00007fff3256f000 	/System/Library/Frameworks/ImageIO.framework/Versions/A/Resources/libRadiance.dylib
0x00007fff642e1000 	/usr/lib/libexpat.1.dylib
0x00007fff425a2000 	/System/Library/PrivateFrameworks/AppleJPEG.framework/Versions/A/AppleJPEG
0x00007fff4aec1000 	/System/Library/PrivateFrameworks/FontServices.framework/libFontParser.dylib
0x00007fff61c1f000 	/System/Library/PrivateFrameworks/WatchdogClient.framework/Versions/A/WatchdogClient
0x00007fff53409000 	/System/Library/PrivateFrameworks/IOAccelerator.framework/Versions/A/IOAccelerator
0x00007fff3492e000 	/System/Library/Frameworks/MetalPerformanceShaders.framework/Versions/A/MetalPerformanceShaders
0x00007fff4fc0e000 	/System/Library/PrivateFrameworks/GPUWrangler.framework/Versions/A/GPUWrangler
0x00007fff53414000 	/System/Library/PrivateFrameworks/IOPresentment.framework/Versions/A/IOPresentment
0x00007fff4893d000 	/System/Library/PrivateFrameworks/DSExternalDisplay.framework/Versions/A/DSExternalDisplay
0x00007fff38dcd000 	/System/Library/Frameworks/OpenGL.framework/Versions/A/Libraries/libCoreFSCache.dylib
0x00007fff34680000 	/System/Library/Frameworks/MetalPerformanceShaders.framework/Frameworks/MPSCore.framework/Versions/A/MPSCore
0x00007fff346bd000 	/System/Library/Frameworks/MetalPerformanceShaders.framework/Frameworks/MPSImage.framework/Versions/A/MPSImage
0x00007fff3477f000 	/System/Library/Frameworks/MetalPerformanceShaders.framework/Frameworks/MPSNeuralNetwork.framework/Versions/A/MPSNeuralNetwork
0x00007fff34744000 	/System/Library/Frameworks/MetalPerformanceShaders.framework/Frameworks/MPSMatrix.framework/Versions/A/MPSMatrix
0x00007fff348df000 	/System/Library/Frameworks/MetalPerformanceShaders.framework/Frameworks/MPSRayIntersector.framework/Versions/A/MPSRayIntersector
0x00007fff34769000 	/System/Library/Frameworks/MetalPerformanceShaders.framework/Frameworks/MPSNDArray.framework/Versions/A/MPSNDArray
0x00007fff5523a000 	/System/Library/PrivateFrameworks/MetalTools.framework/Versions/A/MetalTools
0x00007fff418d5000 	/System/Library/PrivateFrameworks/AggregateDictionary.framework/Versions/A/AggregateDictionary
0x00007fff4640d000 	/System/Library/PrivateFrameworks/CoreAnalytics.framework/Versions/A/CoreAnalytics
0x00007fff429c8000 	/System/Library/PrivateFrameworks/AppleSauce.framework/Versions/A/AppleSauce
0x00007fff63226000 	/usr/lib/libIOReport.dylib
0x00007fff31180000 	/System/Library/Frameworks/CoreVideo.framework/Versions/A/CoreVideo
0x00007fff51073000 	/System/Library/PrivateFrameworks/GraphVisualizer.framework/Versions/A/GraphVisualizer
0x00007fff4a440000 	/System/Library/PrivateFrameworks/FaceCore.framework/Versions/A/FaceCore
0x00007fff383ee000 	/System/Library/Frameworks/OpenCL.framework/Versions/A/OpenCL
0x00007fff63048000 	/usr/lib/libFosl_dynamic.dylib
0x00007fff56658000 	/System/Library/PrivateFrameworks/OTSVG.framework/Versions/A/OTSVG
0x00007fff2d271000 	/System/Library/Frameworks/ApplicationServices.framework/Versions/A/Frameworks/ATS.framework/Versions/A/Resources/libFontRegistry.dylib
0x00007fff4b092000 	/System/Library/PrivateFrameworks/FontServices.framework/libhvf.dylib
0x00007fff38dd8000 	/System/Library/Frameworks/OpenGL.framework/Versions/A/Libraries/libGFXShared.dylib
0x00007fff38fb5000 	/System/Library/Frameworks/OpenGL.framework/Versions/A/Libraries/libGLU.dylib
0x00007fff38de1000 	/System/Library/Frameworks/OpenGL.framework/Versions/A/Libraries/libGL.dylib
0x00007fff38dec000 	/System/Library/Frameworks/OpenGL.framework/Versions/A/Libraries/libGLImage.dylib
0x00007fff38dca000 	/System/Library/Frameworks/OpenGL.framework/Versions/A/Libraries/libCVMSPluginSupport.dylib
0x00007fff38dd3000 	/System/Library/Frameworks/OpenGL.framework/Versions/A/Libraries/libCoreVMClient.dylib
0x00007fff64d32000 	/usr/lib/libncurses.5.4.dylib
0x00007fff2d16d000 	/System/Library/Frameworks/ApplicationServices.framework/Versions/A/Frameworks/ATS.framework/Versions/A/ATS
0x00007fff2d33a000 	/System/Library/Frameworks/ApplicationServices.framework/Versions/A/Frameworks/ColorSyncLegacy.framework/Versions/A/ColorSyncLegacy
0x00007fff2d3d9000 	/System/Library/Frameworks/ApplicationServices.framework/Versions/A/Frameworks/HIServices.framework/Versions/A/HIServices
0x00007fff2d430000 	/System/Library/Frameworks/ApplicationServices.framework/Versions/A/Frameworks/LangAnalysis.framework/Versions/A/LangAnalysis
0x00007fff2d43f000 	/System/Library/Frameworks/ApplicationServices.framework/Versions/A/Frameworks/PrintCore.framework/Versions/A/PrintCore
0x00007fff2d485000 	/System/Library/Frameworks/ApplicationServices.framework/Versions/A/Frameworks/QD.framework/Versions/A/QD
0x00007fff2d490000 	/System/Library/Frameworks/ApplicationServices.framework/Versions/A/Frameworks/SpeechSynthesis.framework/Versions/A/SpeechSynthesis
0x00007fff2d30a000 	/System/Library/Frameworks/ApplicationServices.framework/Versions/A/Frameworks/ATSUI.framework/Versions/A/ATSUI
0x00007fff64175000 	/usr/lib/libcups.2.dylib
0x00007fff339df000 	/System/Library/Frameworks/Kerberos.framework/Versions/A/Kerberos
0x00007fff31c60000 	/System/Library/Frameworks/GSS.framework/Versions/A/GSS
0x00007fff654a2000 	/usr/lib/libresolv.9.dylib
0x00007fff51214000 	/System/Library/PrivateFrameworks/Heimdal.framework/Versions/A/Heimdal
0x00007fff339f2000 	/System/Library/Frameworks/Kerberos.framework/Versions/A/Libraries/libHeimdalProxy.dylib
0x00007fff6431f000 	/usr/lib/libheimdal-asn1.dylib
0x00007fff458b1000 	/System/Library/PrivateFrameworks/CommonAuth.framework/Versions/A/CommonAuth
0x00007fff42b47000 	/System/Library/PrivateFrameworks/AssertionServices.framework/Versions/A/AssertionServices
0x00007fff436e7000 	/System/Library/PrivateFrameworks/AudioToolboxCore.framework/Versions/A/AudioToolboxCore
0x00007fff62873000 	/System/Library/PrivateFrameworks/caulk.framework/Versions/A/caulk
0x00007fff43ca5000 	/System/Library/PrivateFrameworks/BaseBoard.framework/Versions/A/BaseBoard
0x00007fff5a733000 	/System/Library/PrivateFrameworks/RunningBoardServices.framework/Versions/A/RunningBoardServices
0x00007fff5783f000 	/System/Library/PrivateFrameworks/PersistentConnection.framework/Versions/A/PersistentConnection
0x00007fff5a187000 	/System/Library/PrivateFrameworks/ProtocolBuffer.framework/Versions/A/ProtocolBuffer
0x00007fff458d6000 	/System/Library/PrivateFrameworks/CommonUtilities.framework/Versions/A/CommonUtilities
0x00007fff43e28000 	/System/Library/PrivateFrameworks/Bom.framework/Versions/A/Bom
0x00007fff62ef6000 	/usr/lib/libAudioToolboxUtility.dylib
0x00007fff43c03000 	/System/Library/PrivateFrameworks/Backup.framework/Versions/A/Backup
0x00007fff486ab000 	/System/Library/PrivateFrameworks/CrashReporterSupport.framework/Versions/A/CrashReporterSupport
0x00007fff5c1cd000 	/System/Library/PrivateFrameworks/Sharing.framework/Versions/A/Sharing
0x00007fff422ed000 	/System/Library/PrivateFrameworks/Apple80211.framework/Versions/A/Apple80211
0x00007fff43925000 	/System/Library/PrivateFrameworks/AuthKit.framework/Versions/A/AuthKit
0x00007fff483db000 	/System/Library/PrivateFrameworks/CoreUtils.framework/Versions/A/CoreUtils
0x00007fff311c5000 	/System/Library/Frameworks/CoreWLAN.framework/Versions/A/CoreWLAN
0x00007fff31dea000 	/System/Library/Frameworks/IOBluetooth.framework/Versions/A/IOBluetooth
0x00007fff55538000 	/System/Library/PrivateFrameworks/MobileKeyBag.framework/Versions/A/MobileKeyBag
0x00007fff474b4000 	/System/Library/PrivateFrameworks/CorePhoneNumbers.framework/Versions/A/CorePhoneNumbers
0x00007fff42555000 	/System/Library/PrivateFrameworks/AppleIDAuthSupport.framework/Versions/A/AppleIDAuthSupport
0x00007fff35882000 	/System/Library/Frameworks/Network.framework/Versions/A/Network
0x00007fff53c03000 	/System/Library/PrivateFrameworks/KeychainCircle.framework/Versions/A/KeychainCircle
0x00007fff2ec11000 	/System/Library/Frameworks/CoreBluetooth.framework/Versions/A/CoreBluetooth
0x00007fff5de65000 	/System/Library/PrivateFrameworks/SpeechRecognitionCore.framework/Versions/A/SpeechRecognitionCore
0x0000000103000000 	/Library/Java/JavaVirtualMachines/jdk-10.0.2.jdk/Contents/Home/lib/server/libjvm.dylib
0x00007fff6581b000 	/usr/lib/libstdc++.6.dylib
0x0000000102645000 	/Library/Java/JavaVirtualMachines/jdk-10.0.2.jdk/Contents/Home/lib/libverify.dylib
0x0000000102652000 	/Library/Java/JavaVirtualMachines/jdk-10.0.2.jdk/Contents/Home/lib/libjava.dylib
0x00000001026e8000 	/Library/Java/JavaVirtualMachines/jdk-10.0.2.jdk/Contents/Home/lib/libzip.dylib
0x00000001026f0000 	/Library/Java/JavaVirtualMachines/jdk-10.0.2.jdk/Contents/Home/lib/libjimage.dylib
0x0000000127bd2000 	/Library/Java/JavaVirtualMachines/jdk-10.0.2.jdk/Contents/Home/lib/libnio.dylib
0x0000000127be2000 	/Library/Java/JavaVirtualMachines/jdk-10.0.2.jdk/Contents/Home/lib/libnet.dylib
0x0000000127c81000 	/Library/Java/JavaVirtualMachines/jdk-10.0.2.jdk/Contents/Home/lib/libawt.dylib
0x0000000127d26000 	/Library/Java/JavaVirtualMachines/jdk-10.0.2.jdk/Contents/Home/lib/libmlib_image.dylib
0x00007fff339c8000 	/System/Library/Frameworks/JavaVM.framework/Versions/A/Frameworks/JavaNativeFoundation.framework/Versions/A/JavaNativeFoundation
0x00007fff339d1000 	/System/Library/Frameworks/JavaVM.framework/Versions/A/Frameworks/JavaRuntimeSupport.framework/Versions/A/JavaRuntimeSupport
0x00007fff339da000 	/System/Library/Frameworks/JavaVM.framework/Versions/A/JavaVM
0x00007fff53a66000 	/System/Library/PrivateFrameworks/JavaLaunching.framework/Versions/A/JavaLaunching
0x00007fff2dce7000 	/System/Library/Frameworks/Carbon.framework/Versions/A/Carbon
0x00007fff4818f000 	/System/Library/PrivateFrameworks/CoreSymbolication.framework/Versions/A/CoreSymbolication
0x00007fff2dce8000 	/System/Library/Frameworks/Carbon.framework/Versions/A/Frameworks/CommonPanels.framework/Versions/A/CommonPanels
0x00007fff2dfe1000 	/System/Library/Frameworks/Carbon.framework/Versions/A/Frameworks/Help.framework/Versions/A/Help
0x00007fff2dfe5000 	/System/Library/Frameworks/Carbon.framework/Versions/A/Frameworks/ImageCapture.framework/Versions/A/ImageCapture
0x00007fff2dfec000 	/System/Library/Frameworks/Carbon.framework/Versions/A/Frameworks/OpenScripting.framework/Versions/A/OpenScripting
0x00007fff2dfeb000 	/System/Library/Frameworks/Carbon.framework/Versions/A/Frameworks/Ink.framework/Versions/A/Ink
0x00007fff2e027000 	/System/Library/Frameworks/Carbon.framework/Versions/A/Frameworks/Print.framework/Versions/A/Print
0x00007fff2e028000 	/System/Library/Frameworks/Carbon.framework/Versions/A/Frameworks/SecurityHI.framework/Versions/A/SecurityHI
0x00007fff48a72000 	/System/Library/PrivateFrameworks/DebugSymbols.framework/Versions/A/DebugSymbols
0x0000000127d94000 	/Library/Java/JavaVirtualMachines/jdk-10.0.2.jdk/Contents/Home/lib/libawt_lwawt.dylib
0x0000000127e54000 	/Library/Java/JavaVirtualMachines/jdk-10.0.2.jdk/Contents/Home/lib/libosxapp.dylib
0x00007fff316ce000 	/System/Library/Frameworks/ExceptionHandling.framework/Versions/A/ExceptionHandling
0x0000000127f70000 	/Library/Java/JavaVirtualMachines/jdk-10.0.2.jdk/Contents/Home/lib/libfontmanager.dylib
0x00007fff47c2c000 	/System/Library/PrivateFrameworks/CoreServicesInternal.framework/Versions/A/CoreServicesInternal
0x00007fff316ed000 	/System/Library/Frameworks/FileProvider.framework/Versions/A/FileProvider
0x00007fff2c1c0000 	/System/Library/Frameworks/Accounts.framework/Versions/A/Accounts
0x00007fff4ff2f000 	/System/Library/PrivateFrameworks/GenerationalStorage.framework/Versions/A/GenerationalStorage
0x00007fff5e696000 	/System/Library/PrivateFrameworks/SymptomDiagnosticReporter.framework/Versions/A/SymptomDiagnosticReporter
0x00007fff41de6000 	/System/Library/PrivateFrameworks/AppContainer.framework/Versions/A/AppContainer
0x00007fff654bc000 	/usr/lib/libsandbox.1.dylib
0x00007fff60bbe000 	/System/Library/PrivateFrameworks/UserManagement.framework/Versions/A/UserManagement
0x00007fff449d9000 	/System/Library/PrivateFrameworks/ChunkingLibrary.framework/Versions/A/ChunkingLibrary
0x00007fff41e58000 	/System/Library/PrivateFrameworks/AppSandbox.framework/Versions/A/AppSandbox
0x00007fff5c082000 	/System/Library/PrivateFrameworks/SecCodeWrapper.framework/Versions/A/SecCodeWrapper
0x00007fff6330c000 	/usr/lib/libMatch.1.dylib
0x00007fff23707000 	/System/Library/CoreServices/RawCamera.bundle/Contents/MacOS/RawCamera
0x00007fff55362000 	/System/Library/PrivateFrameworks/MobileAsset.framework/Versions/A/MobileAsset
0x00007fff5e544000 	/System/Library/PrivateFrameworks/StreamingZip.framework/Versions/A/StreamingZip
0x00007fff33e5b000 	/System/Library/Frameworks/MediaToolbox.framework/Versions/A/MediaToolbox
0x00007fff463bc000 	/System/Library/PrivateFrameworks/CoreAVCHD.framework/Versions/A/CoreAVCHD
0x00007fff33d85000 	/System/Library/Frameworks/MediaAccessibility.framework/Versions/A/MediaAccessibility
0x00007fff54734000 	/System/Library/PrivateFrameworks/Mangrove.framework/Versions/A/Mangrove
0x00007fff30391000 	/System/Library/Frameworks/CoreMedia.framework/Versions/A/CoreMedia
0x00007fff54999000 	/System/Library/PrivateFrameworks/MediaExperience.framework/Versions/A/MediaExperience
0x00007fff3cc55000 	/System/Library/Frameworks/VideoToolbox.framework/Versions/A/VideoToolbox
0x00007fff45fe6000 	/System/Library/PrivateFrameworks/CoreAUC.framework/Versions/A/CoreAUC
0x00007fff65514000 	/usr/lib/libspindump.dylib
0x00007fff43092000 	/System/Library/PrivateFrameworks/AudioResourceArbitration.framework/Versions/A/AudioResourceArbitration
0x00007fff42aae000 	/System/Library/PrivateFrameworks/AppleVA.framework/Versions/A/AppleVA
0x00007fff2adfb000 	/System/Library/Frameworks/Accelerate.framework/Versions/A/Frameworks/vImage.framework/Versions/A/Libraries/libCGInterfaces.dylib
0x0000000127ef2000 	/usr/lib/libobjc-trampolines.dylib
0x00007fff4aff9000 	/System/Library/PrivateFrameworks/FontServices.framework/libTrueTypeScaler.dylib
0x00007fff268fa000 	/System/Library/Extensions/AppleIntelHD4000GraphicsMTLDriver.bundle/Contents/MacOS/AppleIntelHD4000GraphicsMTLDriver
0x00007fff4e566000 	/System/Library/PrivateFrameworks/GPUCompiler.framework/Versions/3902/Libraries/libmetal_timestamp.dylib
0x00007fff61990000 	/System/Library/PrivateFrameworks/ViewBridge.framework/Versions/A/ViewBridge
0x00007fff39a31000 	/System/Library/Frameworks/OpenGL.framework/Versions/A/Resources/GLEngine.bundle/GLEngine
0x00007fff38e22000 	/System/Library/Frameworks/OpenGL.framework/Versions/A/Libraries/libGLProgrammability.dylib
0x00007fff263f9000 	/System/Library/Extensions/AppleIntelHD4000GraphicsGLDriver.bundle/Contents/MacOS/AppleIntelHD4000GraphicsGLDriver
0x00007fff4fc02000 	/System/Library/PrivateFrameworks/GPUSupport.framework/Versions/A/Libraries/libGPUSupportMercury.dylib
0x00007fff39bab000 	/System/Library/Frameworks/OpenGL.framework/Versions/A/Resources/GLRendererFloat.bundle/GLRendererFloat
0x00007fff383e5000 	/System/Library/Frameworks/OpenCL.framework/Versions/A/Libraries/libcldcpuengine.dylib
0x00007fff63d5a000 	/usr/lib/libcrypto.35.dylib
0x00007fff5f09a000 	/System/Library/PrivateFrameworks/TrustEvaluationAgent.framework/Versions/A/TrustEvaluationAgent
0x00007fff62bc4000 	/System/Library/PrivateFrameworks/login.framework/Versions/A/login
0x00007fff5c2f3000 	/System/Library/PrivateFrameworks/Shortcut.framework/Versions/A/Shortcut
0x00007fff51cc2000 	/System/Library/PrivateFrameworks/HelpData.framework/Versions/A/HelpData
0x00000001294ef000 	/Library/Java/JavaVirtualMachines/jdk-10.0.2.jdk/Contents/Home/lib/libosxui.dylib


VM Arguments:
jvm_args: -Dfile.encoding=UTF-8 
java_command: paint.DrawingMenu
java_class_path (initial): /Users/jeanine/Desktop/CS 355/FinalProject/bin
Launcher Type: SUN_STANDARD

Logging:
Log output configuration:
#0: stdout all=warning uptime,level,tags
#1: stderr all=off uptime,level,tags

Environment Variables:
PATH=/usr/bin:/bin:/usr/sbin:/sbin
SHELL=/bin/bash

Signal Handlers:
SIGSEGV: [libjvm.dylib+0x79ac14], sa_mask[0]=11111111011111110111111111111111, sa_flags=SA_ONSTACK|SA_RESTART|SA_SIGINFO
SIGBUS: [libjvm.dylib+0x79ac14], sa_mask[0]=11111111011111110111111111111111, sa_flags=SA_RESTART|SA_SIGINFO
SIGFPE: [libjvm.dylib+0x79ac14], sa_mask[0]=11111111011111110111111111111111, sa_flags=SA_RESTART|SA_SIGINFO
SIGPIPE: [libjvm.dylib+0x635960], sa_mask[0]=11111111011111110111111111111111, sa_flags=SA_RESTART|SA_SIGINFO
SIGXFSZ: [libjvm.dylib+0x635960], sa_mask[0]=11111111011111110111111111111111, sa_flags=SA_RESTART|SA_SIGINFO
SIGILL: [libjvm.dylib+0x79ac14], sa_mask[0]=11111111011111110111111111111111, sa_flags=SA_RESTART|SA_SIGINFO
SIGUSR2: [libjvm.dylib+0x6361f0], sa_mask[0]=00100000000000000000000000000000, sa_flags=SA_RESTART|SA_SIGINFO
SIGHUP: [libjvm.dylib+0x6349db], sa_mask[0]=11111111011111110111111111111111, sa_flags=SA_RESTART|SA_SIGINFO
SIGINT: [libjvm.dylib+0x6349db], sa_mask[0]=11111111011111110111111111111111, sa_flags=SA_RESTART|SA_SIGINFO
SIGTERM: [libjvm.dylib+0x6349db], sa_mask[0]=11111111011111110111111111111111, sa_flags=SA_RESTART|SA_SIGINFO
SIGQUIT: [libjvm.dylib+0x6349db], sa_mask[0]=11111111011111110111111111111111, sa_flags=SA_RESTART|SA_SIGINFO


---------------  S Y S T E M  ---------------

OS:uname:Darwin 19.0.0 Darwin Kernel Version 19.0.0: Thu Oct 17 16:17:15 PDT 2019; root:xnu-6153.41.3~29/RELEASE_X86_64 x86_64
rlimit: STACK 8192k, CORE 0k, NPROC 1392, NOFILE 10240, AS infinity, DATA infinity, FSIZE infinity
load average:1.43 1.66 1.36

CPU:total 4 (initial active 4) (2 cores per cpu, 2 threads per core) family 6 model 58 stepping 9, cmov, cx8, fxsr, mmx, sse, sse2, sse3, ssse3, sse4.1, sse4.2, popcnt, avx, aes, clmul, erms, ht, tsc, tscinvbit, tscinv

Memory: 4k page, physical 8388608k(24292k free)

vm_info: Java HotSpot(TM) 64-Bit Server VM (10.0.2+13) for bsd-amd64 JRE (10.0.2+13), built on Jun 28 2018 00:49:51 by "mach5one" with gcc 4.2.1 Compatible Apple LLVM 6.1.0 (clang-602.0.49)

END.
